{"level":"info","message":{"ip":"::1","method":"GET","path":"/api/home/get-products","timestamp":"2025-04-17T18:52:58.957Z"},"timestamp":"2025-04-17T18:52:58.957Z"}
{"level":"info","message":{"ip":"::1","method":"GET","path":"/api/home/get-categorys","timestamp":"2025-04-17T18:52:58.968Z"},"timestamp":"2025-04-17T18:52:58.968Z"}
{"level":"info","message":{"ip":"::1","method":"GET","path":"/api/banners","timestamp":"2025-04-17T18:52:58.973Z"},"timestamp":"2025-04-17T18:52:58.973Z"}
{"level":"info","message":{"ip":"::1","method":"GET","path":"/api/get-card-products/6801418d70e997869e55d29e","timestamp":"2025-04-17T18:53:02.777Z"},"timestamp":"2025-04-17T18:53:02.777Z"}
{"level":"info","message":{"ip":"::1","method":"GET","path":"/api/get-wishlist/6801418d70e997869e55d29e","timestamp":"2025-04-17T18:53:02.783Z"},"timestamp":"2025-04-17T18:53:02.783Z"}
{"level":"info","message":{"ip":"::1","method":"GET","path":"/api/home/get-categorys","timestamp":"2025-04-17T18:53:02.788Z"},"timestamp":"2025-04-17T18:53:02.788Z"}
{"level":"info","message":{"ip":"::1","method":"GET","path":"/api/banners","timestamp":"2025-04-17T18:53:02.793Z"},"timestamp":"2025-04-17T18:53:02.793Z"}
{"level":"info","message":{"ip":"::1","method":"GET","path":"/api/home/get-products","timestamp":"2025-04-17T18:53:02.799Z"},"timestamp":"2025-04-17T18:53:02.799Z"}
{"level":"info","message":{"ip":"::1","method":"GET","path":"/api/get-card-products/6801418d70e997869e55d29e","timestamp":"2025-04-17T18:53:02.803Z"},"timestamp":"2025-04-17T18:53:02.803Z"}
{"level":"info","message":{"ip":"::1","method":"GET","path":"/api/get-wishlist/6801418d70e997869e55d29e","timestamp":"2025-04-17T18:53:02.804Z"},"timestamp":"2025-04-17T18:53:02.804Z"}
{"level":"info","message":{"ip":"::1","method":"GET","path":"/api/get-card-products/6801418d70e997869e55d29e","timestamp":"2025-04-17T18:53:05.300Z"},"timestamp":"2025-04-17T18:53:05.300Z"}
{"level":"info","message":{"ip":"::1","method":"GET","path":"/api/get-wishlist/6801418d70e997869e55d29e","timestamp":"2025-04-17T18:53:05.302Z"},"timestamp":"2025-04-17T18:53:05.302Z"}
{"level":"info","message":{"ip":"::1","method":"GET","path":"/api/get-card-products/6801418d70e997869e55d29e","timestamp":"2025-04-17T18:53:05.309Z"},"timestamp":"2025-04-17T18:53:05.309Z"}
{"level":"info","message":{"ip":"::1","method":"GET","path":"/","timestamp":"2025-04-17T19:02:05.479Z"},"timestamp":"2025-04-17T19:02:05.479Z"}
{"level":"info","message":{"ip":"::1","method":"GET","path":"/","timestamp":"2025-04-17T19:02:14.306Z"},"timestamp":"2025-04-17T19:02:14.306Z"}
{"level":"info","message":{"ip":"::1","method":"GET","path":"/","timestamp":"2025-04-17T19:02:14.829Z"},"timestamp":"2025-04-17T19:02:14.829Z"}
{"level":"info","message":{"ip":"::1","method":"GET","path":"/","timestamp":"2025-04-17T19:02:15.036Z"},"timestamp":"2025-04-17T19:02:15.036Z"}
{"level":"info","message":{"ip":"::1","method":"GET","path":"/","timestamp":"2025-04-17T19:02:15.220Z"},"timestamp":"2025-04-17T19:02:15.220Z"}
{"level":"info","message":{"ip":"::1","method":"GET","path":"/api/get-card-products/6801418d70e997869e55d29e","timestamp":"2025-04-17T19:03:07.911Z"},"timestamp":"2025-04-17T19:03:07.912Z"}
{"level":"info","message":{"ip":"::1","method":"GET","path":"/api/get-wishlist/6801418d70e997869e55d29e","timestamp":"2025-04-17T19:03:07.917Z"},"timestamp":"2025-04-17T19:03:07.917Z"}
{"level":"info","message":{"ip":"::1","method":"GET","path":"/api/home/get-categorys","timestamp":"2025-04-17T19:03:07.923Z"},"timestamp":"2025-04-17T19:03:07.923Z"}
{"level":"info","message":{"ip":"::1","method":"GET","path":"/api/get-card-products/6801418d70e997869e55d29e","timestamp":"2025-04-17T19:03:07.925Z"},"timestamp":"2025-04-17T19:03:07.925Z"}
{"level":"info","message":{"ip":"::1","method":"GET","path":"/api/banners","timestamp":"2025-04-17T19:03:07.926Z"},"timestamp":"2025-04-17T19:03:07.926Z"}
{"level":"info","message":{"ip":"::1","method":"GET","path":"/api/get-wishlist/6801418d70e997869e55d29e","timestamp":"2025-04-17T19:03:07.933Z"},"timestamp":"2025-04-17T19:03:07.933Z"}
{"level":"info","message":{"ip":"::1","method":"GET","path":"/api/home/get-products","timestamp":"2025-04-17T19:03:07.934Z"},"timestamp":"2025-04-17T19:03:07.934Z"}
{"level":"info","message":{"ip":"::1","method":"GET","path":"/api/get-card-products/6801418d70e997869e55d29e","timestamp":"2025-04-17T19:03:12.596Z"},"timestamp":"2025-04-17T19:03:12.597Z"}
{"level":"info","message":{"ip":"::1","method":"GET","path":"/api/get-wishlist/6801418d70e997869e55d29e","timestamp":"2025-04-17T19:03:12.600Z"},"timestamp":"2025-04-17T19:03:12.600Z"}
{"level":"info","message":{"ip":"::1","method":"GET","path":"/api/home/product-details/smartphone","timestamp":"2025-04-17T19:03:12.603Z"},"timestamp":"2025-04-17T19:03:12.603Z"}
{"level":"info","message":{"ip":"::1","method":"GET","path":"/api/home/customer/get-reviews/68013d6451f652820dc3187c","timestamp":"2025-04-17T19:03:12.634Z"},"timestamp":"2025-04-17T19:03:12.634Z"}
{"level":"info","message":{"ip":"::1","method":"POST","path":"/api/add-to-card","timestamp":"2025-04-17T19:03:28.858Z"},"timestamp":"2025-04-17T19:03:28.858Z"}
{"level":"info","message":{"ip":"::1","method":"GET","path":"/api/home/coustomer/get-dashboard-data/6801418d70e997869e55d29e","timestamp":"2025-04-17T19:05:00.348Z"},"timestamp":"2025-04-17T19:05:00.349Z"}
{"level":"info","message":{"ip":"::1","method":"GET","path":"/api/get-card-products/6801418d70e997869e55d29e","timestamp":"2025-04-17T19:05:00.358Z"},"timestamp":"2025-04-17T19:05:00.358Z"}
{"level":"info","message":{"ip":"::1","method":"GET","path":"/api/get-wishlist/6801418d70e997869e55d29e","timestamp":"2025-04-17T19:05:00.364Z"},"timestamp":"2025-04-17T19:05:00.364Z"}
{"level":"info","message":{"ip":"::1","method":"GET","path":"/api/get-card-products/6801418d70e997869e55d29e","timestamp":"2025-04-17T19:05:33.712Z"},"timestamp":"2025-04-17T19:05:33.712Z"}
{"level":"info","message":{"ip":"::1","method":"GET","path":"/api/get-wishlist/6801418d70e997869e55d29e","timestamp":"2025-04-17T19:05:33.714Z"},"timestamp":"2025-04-17T19:05:33.714Z"}
{"level":"info","message":{"ip":"::1","method":"GET","path":"/api/home/get-products","timestamp":"2025-04-17T19:05:33.717Z"},"timestamp":"2025-04-17T19:05:33.717Z"}
{"level":"info","message":{"ip":"::1","method":"GET","path":"/api/home/get-categorys","timestamp":"2025-04-17T19:05:33.720Z"},"timestamp":"2025-04-17T19:05:33.720Z"}
{"level":"info","message":{"ip":"::1","method":"GET","path":"/api/banners","timestamp":"2025-04-17T19:05:33.721Z"},"timestamp":"2025-04-17T19:05:33.721Z"}
{"level":"info","message":{"ip":"::1","method":"GET","path":"/api/get-card-products/6801418d70e997869e55d29e","timestamp":"2025-04-17T19:05:37.752Z"},"timestamp":"2025-04-17T19:05:37.752Z"}
{"level":"info","message":{"ip":"::1","method":"GET","path":"/api/get-wishlist/6801418d70e997869e55d29e","timestamp":"2025-04-17T19:05:37.755Z"},"timestamp":"2025-04-17T19:05:37.755Z"}
{"level":"info","message":{"ip":"::1","method":"GET","path":"/api/home/get-products","timestamp":"2025-04-17T19:05:37.758Z"},"timestamp":"2025-04-17T19:05:37.758Z"}
{"level":"info","message":{"ip":"::1","method":"GET","path":"/api/home/get-categorys","timestamp":"2025-04-17T19:05:37.759Z"},"timestamp":"2025-04-17T19:05:37.759Z"}
{"level":"info","message":{"ip":"::1","method":"GET","path":"/api/banners","timestamp":"2025-04-17T19:05:37.762Z"},"timestamp":"2025-04-17T19:05:37.762Z"}
{"level":"info","message":{"ip":"::1","method":"GET","path":"/api/get-card-products/6801418d70e997869e55d29e","timestamp":"2025-04-17T19:05:39.853Z"},"timestamp":"2025-04-17T19:05:39.853Z"}
{"level":"info","message":{"ip":"::1","method":"GET","path":"/api/get-wishlist/6801418d70e997869e55d29e","timestamp":"2025-04-17T19:05:39.859Z"},"timestamp":"2025-04-17T19:05:39.859Z"}
{"level":"info","message":{"ip":"::1","method":"GET","path":"/api/home/get-products","timestamp":"2025-04-17T19:05:39.864Z"},"timestamp":"2025-04-17T19:05:39.864Z"}
{"level":"info","message":{"ip":"::1","method":"GET","path":"/api/home/get-categorys","timestamp":"2025-04-17T19:05:39.866Z"},"timestamp":"2025-04-17T19:05:39.866Z"}
{"level":"info","message":{"ip":"::1","method":"GET","path":"/api/banners","timestamp":"2025-04-17T19:05:39.867Z"},"timestamp":"2025-04-17T19:05:39.867Z"}
{"level":"info","message":{"ip":"::1","method":"GET","path":"/api/get-wishlist/6801418d70e997869e55d29e","timestamp":"2025-04-17T19:05:40.607Z"},"timestamp":"2025-04-17T19:05:40.607Z"}
{"level":"info","message":{"ip":"::1","method":"GET","path":"/api/get-card-products/6801418d70e997869e55d29e","timestamp":"2025-04-17T19:05:40.609Z"},"timestamp":"2025-04-17T19:05:40.609Z"}
{"level":"info","message":{"ip":"::1","method":"GET","path":"/api/home/get-products","timestamp":"2025-04-17T19:05:40.615Z"},"timestamp":"2025-04-17T19:05:40.615Z"}
{"level":"info","message":{"ip":"::1","method":"GET","path":"/api/home/get-categorys","timestamp":"2025-04-17T19:05:40.616Z"},"timestamp":"2025-04-17T19:05:40.616Z"}
{"level":"info","message":{"ip":"::1","method":"GET","path":"/api/banners","timestamp":"2025-04-17T19:05:40.616Z"},"timestamp":"2025-04-17T19:05:40.616Z"}
{"level":"info","message":{"ip":"::1","method":"GET","path":"/api/get-card-products/6801418d70e997869e55d29e","timestamp":"2025-04-17T19:05:43.876Z"},"timestamp":"2025-04-17T19:05:43.876Z"}
{"level":"info","message":{"ip":"::1","method":"GET","path":"/api/get-wishlist/6801418d70e997869e55d29e","timestamp":"2025-04-17T19:05:43.880Z"},"timestamp":"2025-04-17T19:05:43.880Z"}
{"level":"info","message":{"ip":"::1","method":"GET","path":"/api/home/product-details/t-shirt","timestamp":"2025-04-17T19:05:43.881Z"},"timestamp":"2025-04-17T19:05:43.881Z"}
{"level":"info","message":{"ip":"::1","method":"GET","path":"/api/home/customer/get-reviews/68013d6451f652820dc3187e","timestamp":"2025-04-17T19:05:43.907Z"},"timestamp":"2025-04-17T19:05:43.907Z"}
{"level":"info","message":{"ip":"::1","method":"POST","path":"/api/add-wishlist","timestamp":"2025-04-17T19:05:48.203Z"},"timestamp":"2025-04-17T19:05:48.203Z"}
{"level":"info","message":{"ip":"::1","method":"GET","path":"/api/get-card-products/6801418d70e997869e55d29e","timestamp":"2025-04-17T19:08:41.748Z"},"timestamp":"2025-04-17T19:08:41.749Z"}
{"level":"info","message":{"ip":"::1","method":"GET","path":"/api/get-wishlist/6801418d70e997869e55d29e","timestamp":"2025-04-17T19:08:41.754Z"},"timestamp":"2025-04-17T19:08:41.754Z"}
{"level":"info","message":{"ip":"::1","method":"GET","path":"/api/home/get-products","timestamp":"2025-04-17T19:08:41.756Z"},"timestamp":"2025-04-17T19:08:41.756Z"}
{"level":"info","message":{"ip":"::1","method":"GET","path":"/api/home/get-categorys","timestamp":"2025-04-17T19:08:41.762Z"},"timestamp":"2025-04-17T19:08:41.762Z"}
{"level":"info","message":{"ip":"::1","method":"GET","path":"/api/banners","timestamp":"2025-04-17T19:08:41.771Z"},"timestamp":"2025-04-17T19:08:41.771Z"}
{"level":"info","message":{"ip":"::1","method":"GET","path":"/api/get-card-products/6801418d70e997869e55d29e","timestamp":"2025-04-17T19:08:48.894Z"},"timestamp":"2025-04-17T19:08:48.894Z"}
{"level":"info","message":{"ip":"::1","method":"GET","path":"/api/get-wishlist/6801418d70e997869e55d29e","timestamp":"2025-04-17T19:08:48.898Z"},"timestamp":"2025-04-17T19:08:48.898Z"}
{"level":"info","message":{"ip":"::1","method":"GET","path":"/api/home/get-categorys","timestamp":"2025-04-17T19:08:48.900Z"},"timestamp":"2025-04-17T19:08:48.900Z"}
{"level":"info","message":{"ip":"::1","method":"GET","path":"/api/get-card-products/6801418d70e997869e55d29e","timestamp":"2025-04-17T19:08:48.902Z"},"timestamp":"2025-04-17T19:08:48.902Z"}
{"level":"info","message":{"ip":"::1","method":"GET","path":"/api/banners","timestamp":"2025-04-17T19:08:48.903Z"},"timestamp":"2025-04-17T19:08:48.903Z"}
{"level":"info","message":{"ip":"::1","method":"GET","path":"/api/get-card-products/6801418d70e997869e55d29e","timestamp":"2025-04-17T19:08:54.140Z"},"timestamp":"2025-04-17T19:08:54.140Z"}
{"level":"info","message":{"ip":"::1","method":"GET","path":"/api/get-wishlist/6801418d70e997869e55d29e","timestamp":"2025-04-17T19:08:54.144Z"},"timestamp":"2025-04-17T19:08:54.144Z"}
{"level":"info","message":{"ip":"::1","method":"GET","path":"/api/home/get-categorys","timestamp":"2025-04-17T19:08:54.146Z"},"timestamp":"2025-04-17T19:08:54.146Z"}
{"level":"info","message":{"ip":"::1","method":"GET","path":"/api/banners","timestamp":"2025-04-17T19:08:54.147Z"},"timestamp":"2025-04-17T19:08:54.147Z"}
{"level":"info","message":{"ip":"::1","method":"GET","path":"/api/get-wishlist/6801418d70e997869e55d29e","timestamp":"2025-04-17T19:08:54.150Z"},"timestamp":"2025-04-17T19:08:54.150Z"}
{"level":"info","message":{"ip":"::1","method":"GET","path":"/api/get-card-products/6801418d70e997869e55d29e","timestamp":"2025-04-17T19:09:10.384Z"},"timestamp":"2025-04-17T19:09:10.384Z"}
{"level":"info","message":{"ip":"::1","method":"GET","path":"/api/get-wishlist/6801418d70e997869e55d29e","timestamp":"2025-04-17T19:09:10.388Z"},"timestamp":"2025-04-17T19:09:10.388Z"}
{"level":"info","message":{"ip":"::1","method":"GET","path":"/api/home/get-categorys","timestamp":"2025-04-17T19:09:10.393Z"},"timestamp":"2025-04-17T19:09:10.393Z"}
{"level":"info","message":{"ip":"::1","method":"GET","path":"/api/banners","timestamp":"2025-04-17T19:09:10.398Z"},"timestamp":"2025-04-17T19:09:10.398Z"}
{"level":"info","message":{"ip":"::1","method":"GET","path":"/api/get-wishlist/6801418d70e997869e55d29e","timestamp":"2025-04-17T19:09:10.401Z"},"timestamp":"2025-04-17T19:09:10.401Z"}
{"level":"info","message":{"ip":"::1","method":"GET","path":"/api/get-card-products/6801418d70e997869e55d29e","timestamp":"2025-04-17T19:09:11.499Z"},"timestamp":"2025-04-17T19:09:11.499Z"}
{"level":"info","message":{"ip":"::1","method":"GET","path":"/api/get-wishlist/6801418d70e997869e55d29e","timestamp":"2025-04-17T19:09:11.502Z"},"timestamp":"2025-04-17T19:09:11.502Z"}
{"level":"info","message":{"ip":"::1","method":"GET","path":"/api/home/get-products","timestamp":"2025-04-17T19:09:11.510Z"},"timestamp":"2025-04-17T19:09:11.510Z"}
{"level":"info","message":{"ip":"::1","method":"GET","path":"/api/home/product-details/iphone-14-pro-max","timestamp":"2025-04-17T19:09:14.679Z"},"timestamp":"2025-04-17T19:09:14.679Z"}
{"level":"info","message":{"ip":"::1","method":"GET","path":"/api/get-card-products/6801418d70e997869e55d29e","timestamp":"2025-04-17T19:09:14.681Z"},"timestamp":"2025-04-17T19:09:14.681Z"}
{"level":"info","message":{"ip":"::1","method":"GET","path":"/api/get-wishlist/6801418d70e997869e55d29e","timestamp":"2025-04-17T19:09:14.681Z"},"timestamp":"2025-04-17T19:09:14.681Z"}
{"level":"info","message":{"ip":"::1","method":"GET","path":"/api/home/get-categorys","timestamp":"2025-04-17T19:09:14.681Z"},"timestamp":"2025-04-17T19:09:14.681Z"}
{"level":"info","message":{"ip":"::1","method":"GET","path":"/api/banners","timestamp":"2025-04-17T19:09:14.683Z"},"timestamp":"2025-04-17T19:09:14.683Z"}
{"level":"info","message":{"ip":"::1","method":"GET","path":"/api/get-card-products/6801418d70e997869e55d29e","timestamp":"2025-04-17T19:09:21.280Z"},"timestamp":"2025-04-17T19:09:21.280Z"}
{"level":"info","message":{"ip":"::1","method":"GET","path":"/api/get-wishlist/6801418d70e997869e55d29e","timestamp":"2025-04-17T19:09:21.282Z"},"timestamp":"2025-04-17T19:09:21.282Z"}
{"level":"info","message":{"ip":"::1","method":"GET","path":"/api/home/get-products","timestamp":"2025-04-17T19:09:21.283Z"},"timestamp":"2025-04-17T19:09:21.283Z"}
{"level":"info","message":{"ip":"::1","method":"GET","path":"/api/get-card-products/6801418d70e997869e55d29e","timestamp":"2025-04-17T19:09:24.018Z"},"timestamp":"2025-04-17T19:09:24.018Z"}
{"level":"info","message":{"ip":"::1","method":"GET","path":"/api/get-wishlist/6801418d70e997869e55d29e","timestamp":"2025-04-17T19:09:24.019Z"},"timestamp":"2025-04-17T19:09:24.019Z"}
{"level":"info","message":{"ip":"::1","method":"GET","path":"/api/home/product-details/smartphone","timestamp":"2025-04-17T19:09:24.021Z"},"timestamp":"2025-04-17T19:09:24.021Z"}
{"level":"info","message":{"ip":"::1","method":"GET","path":"/api/home/customer/get-reviews/68013d6451f652820dc3187c","timestamp":"2025-04-17T19:09:24.056Z"},"timestamp":"2025-04-17T19:09:24.056Z"}
{"level":"info","message":{"ip":"::1","method":"GET","path":"/api/get-card-products/6801418d70e997869e55d29e","timestamp":"2025-04-17T19:09:25.932Z"},"timestamp":"2025-04-17T19:09:25.932Z"}
{"level":"info","message":{"ip":"::1","method":"GET","path":"/api/get-wishlist/6801418d70e997869e55d29e","timestamp":"2025-04-17T19:09:25.933Z"},"timestamp":"2025-04-17T19:09:25.933Z"}
{"level":"info","message":{"ip":"::1","method":"GET","path":"/api/home/get-products","timestamp":"2025-04-17T19:09:25.935Z"},"timestamp":"2025-04-17T19:09:25.935Z"}
{"level":"info","message":{"ip":"::1","method":"GET","path":"/api/get-card-products/6801418d70e997869e55d29e","timestamp":"2025-04-17T19:09:27.566Z"},"timestamp":"2025-04-17T19:09:27.566Z"}
{"level":"info","message":{"ip":"::1","method":"GET","path":"/api/get-wishlist/6801418d70e997869e55d29e","timestamp":"2025-04-17T19:09:27.569Z"},"timestamp":"2025-04-17T19:09:27.569Z"}
{"level":"info","message":{"ip":"::1","method":"GET","path":"/api/home/customer/get-reviews/68013d6451f652820dc3187c","timestamp":"2025-04-17T19:09:27.571Z"},"timestamp":"2025-04-17T19:09:27.571Z"}
{"level":"info","message":{"ip":"::1","method":"GET","path":"/api/home/product-details/smartphone","timestamp":"2025-04-17T19:09:27.586Z"},"timestamp":"2025-04-17T19:09:27.586Z"}
{"level":"info","message":{"ip":"::1","method":"GET","path":"/api/home/customer/get-reviews/68013d6451f652820dc3187c","timestamp":"2025-04-17T19:09:27.605Z"},"timestamp":"2025-04-17T19:09:27.605Z"}
{"level":"info","message":{"ip":"::1","method":"GET","path":"/api/get-card-products/6801418d70e997869e55d29e","timestamp":"2025-04-17T19:09:30.503Z"},"timestamp":"2025-04-17T19:09:30.503Z"}
{"level":"info","message":{"ip":"::1","method":"GET","path":"/api/get-wishlist/6801418d70e997869e55d29e","timestamp":"2025-04-17T19:09:30.505Z"},"timestamp":"2025-04-17T19:09:30.505Z"}
{"level":"info","message":{"ip":"::1","method":"GET","path":"/api/home/get-products","timestamp":"2025-04-17T19:09:30.506Z"},"timestamp":"2025-04-17T19:09:30.506Z"}
{"level":"info","message":{"ip":"::1","method":"GET","path":"/api/get-card-products/6801418d70e997869e55d29e","timestamp":"2025-04-17T19:09:32.079Z"},"timestamp":"2025-04-17T19:09:32.079Z"}
{"level":"info","message":{"ip":"::1","method":"GET","path":"/api/get-wishlist/6801418d70e997869e55d29e","timestamp":"2025-04-17T19:09:32.081Z"},"timestamp":"2025-04-17T19:09:32.081Z"}
{"level":"info","message":{"ip":"::1","method":"GET","path":"/api/home/customer/get-reviews/68013d6451f652820dc3187c","timestamp":"2025-04-17T19:09:32.082Z"},"timestamp":"2025-04-17T19:09:32.082Z"}
{"level":"info","message":{"ip":"::1","method":"GET","path":"/api/home/product-details/t-shirt","timestamp":"2025-04-17T19:09:32.084Z"},"timestamp":"2025-04-17T19:09:32.084Z"}
{"level":"info","message":{"ip":"::1","method":"GET","path":"/api/home/customer/get-reviews/68013d6451f652820dc3187e","timestamp":"2025-04-17T19:09:32.111Z"},"timestamp":"2025-04-17T19:09:32.111Z"}
{"level":"info","message":{"ip":"::1","method":"GET","path":"/api/get-card-products/6801418d70e997869e55d29e","timestamp":"2025-04-17T19:09:33.920Z"},"timestamp":"2025-04-17T19:09:33.920Z"}
{"level":"info","message":{"ip":"::1","method":"GET","path":"/api/get-wishlist/6801418d70e997869e55d29e","timestamp":"2025-04-17T19:09:33.921Z"},"timestamp":"2025-04-17T19:09:33.921Z"}
{"level":"info","message":{"ip":"::1","method":"GET","path":"/api/home/get-products","timestamp":"2025-04-17T19:09:33.930Z"},"timestamp":"2025-04-17T19:09:33.930Z"}
{"level":"info","message":{"ip":"::1","method":"GET","path":"/","timestamp":"2025-04-17T19:16:50.783Z"},"timestamp":"2025-04-17T19:16:50.784Z"}
{"level":"info","message":{"ip":"::1","method":"GET","path":"/favicon.ico","timestamp":"2025-04-17T19:16:50.889Z"},"timestamp":"2025-04-17T19:16:50.889Z"}
{"level":"info","message":{"ip":"::1","method":"GET","path":"/api/get-card-products/6801418d70e997869e55d29e","timestamp":"2025-04-17T19:17:20.657Z"},"timestamp":"2025-04-17T19:17:20.657Z"}
{"level":"info","message":{"ip":"::1","method":"GET","path":"/api/get-wishlist/6801418d70e997869e55d29e","timestamp":"2025-04-17T19:17:20.661Z"},"timestamp":"2025-04-17T19:17:20.661Z"}
{"level":"info","message":{"ip":"::1","method":"GET","path":"/api/home/get-products","timestamp":"2025-04-17T19:17:20.663Z"},"timestamp":"2025-04-17T19:17:20.663Z"}
{"level":"info","message":{"ip":"::1","method":"GET","path":"/api/home/get-categorys","timestamp":"2025-04-17T19:17:20.664Z"},"timestamp":"2025-04-17T19:17:20.664Z"}
{"level":"info","message":{"ip":"::1","method":"GET","path":"/api/banners","timestamp":"2025-04-17T19:17:20.664Z"},"timestamp":"2025-04-17T19:17:20.664Z"}
{"level":"info","message":{"ip":"::1","method":"GET","path":"/api/get-card-products/6801418d70e997869e55d29e","timestamp":"2025-04-17T19:17:24.960Z"},"timestamp":"2025-04-17T19:17:24.960Z"}
{"level":"info","message":{"ip":"::1","method":"GET","path":"/api/get-wishlist/6801418d70e997869e55d29e","timestamp":"2025-04-17T19:17:24.962Z"},"timestamp":"2025-04-17T19:17:24.962Z"}
{"level":"info","message":{"ip":"::1","method":"GET","path":"/api/home/get-categorys","timestamp":"2025-04-17T19:17:24.963Z"},"timestamp":"2025-04-17T19:17:24.963Z"}
{"level":"info","message":{"ip":"::1","method":"GET","path":"/api/banners","timestamp":"2025-04-17T19:17:24.964Z"},"timestamp":"2025-04-17T19:17:24.964Z"}
{"level":"info","message":{"ip":"::1","method":"GET","path":"/api/get-card-products/6801418d70e997869e55d29e","timestamp":"2025-04-17T19:17:24.973Z"},"timestamp":"2025-04-17T19:17:24.973Z"}
{"level":"info","message":{"ip":"::1","method":"GET","path":"/api/get-card-products/6801418d70e997869e55d29e","timestamp":"2025-04-17T19:17:29.914Z"},"timestamp":"2025-04-17T19:17:29.914Z"}
{"level":"info","message":{"ip":"::1","method":"GET","path":"/api/get-wishlist/6801418d70e997869e55d29e","timestamp":"2025-04-17T19:17:29.916Z"},"timestamp":"2025-04-17T19:17:29.916Z"}
{"level":"info","message":{"ip":"::1","method":"GET","path":"/api/home/get-categorys","timestamp":"2025-04-17T19:17:29.920Z"},"timestamp":"2025-04-17T19:17:29.920Z"}
{"level":"info","message":{"ip":"::1","method":"GET","path":"/api/banners","timestamp":"2025-04-17T19:17:29.921Z"},"timestamp":"2025-04-17T19:17:29.921Z"}
{"level":"info","message":{"ip":"::1","method":"GET","path":"/api/get-wishlist/6801418d70e997869e55d29e","timestamp":"2025-04-17T19:17:29.924Z"},"timestamp":"2025-04-17T19:17:29.924Z"}
{"level":"info","message":{"ip":"::1","method":"GET","path":"/api/get-card-products/6801418d70e997869e55d29e","timestamp":"2025-04-17T19:17:42.096Z"},"timestamp":"2025-04-17T19:17:42.096Z"}
{"level":"info","message":{"ip":"::1","method":"GET","path":"/api/get-wishlist/6801418d70e997869e55d29e","timestamp":"2025-04-17T19:17:42.098Z"},"timestamp":"2025-04-17T19:17:42.098Z"}
{"level":"info","message":{"ip":"::1","method":"GET","path":"/api/get-card-products/6801418d70e997869e55d29e","timestamp":"2025-04-17T19:17:42.104Z"},"timestamp":"2025-04-17T19:17:42.104Z"}
{"level":"info","message":{"ip":"::1","method":"PUT","path":"/api/quantity-dec/68013d6451f652820dc3187c","timestamp":"2025-04-17T19:17:45.349Z"},"timestamp":"2025-04-17T19:17:45.349Z"}
{"level":"info","message":{"ip":"::1","method":"GET","path":"/api/home/product-details/iphone-14-pro-max","timestamp":"2025-04-17T19:17:51.364Z"},"timestamp":"2025-04-17T19:17:51.364Z"}
{"level":"info","message":{"ip":"::1","method":"GET","path":"/api/get-card-products/6801418d70e997869e55d29e","timestamp":"2025-04-17T19:17:51.365Z"},"timestamp":"2025-04-17T19:17:51.365Z"}
{"level":"info","message":{"ip":"::1","method":"GET","path":"/api/get-wishlist/6801418d70e997869e55d29e","timestamp":"2025-04-17T19:17:51.368Z"},"timestamp":"2025-04-17T19:17:51.368Z"}
{"level":"info","message":{"ip":"::1","method":"GET","path":"/api/home/get-categorys","timestamp":"2025-04-17T19:17:51.371Z"},"timestamp":"2025-04-17T19:17:51.371Z"}
{"level":"info","message":{"ip":"::1","method":"GET","path":"/api/banners","timestamp":"2025-04-17T19:17:51.377Z"},"timestamp":"2025-04-17T19:17:51.377Z"}
{"level":"info","message":{"ip":"::1","method":"GET","path":"/api/get-card-products/6801418d70e997869e55d29e","timestamp":"2025-04-17T19:17:56.596Z"},"timestamp":"2025-04-17T19:17:56.596Z"}
{"level":"info","message":{"ip":"::1","method":"GET","path":"/api/get-wishlist/6801418d70e997869e55d29e","timestamp":"2025-04-17T19:17:56.598Z"},"timestamp":"2025-04-17T19:17:56.598Z"}
{"level":"info","message":{"ip":"::1","method":"GET","path":"/api/home/get-products","timestamp":"2025-04-17T19:17:56.598Z"},"timestamp":"2025-04-17T19:17:56.598Z"}
{"level":"info","message":{"ip":"::1","method":"GET","path":"/api/get-card-products/6801418d70e997869e55d29e","timestamp":"2025-04-17T19:17:58.439Z"},"timestamp":"2025-04-17T19:17:58.439Z"}
{"level":"info","message":{"ip":"::1","method":"GET","path":"/api/get-wishlist/6801418d70e997869e55d29e","timestamp":"2025-04-17T19:17:58.441Z"},"timestamp":"2025-04-17T19:17:58.441Z"}
{"level":"info","message":{"ip":"::1","method":"GET","path":"/api/get-card-products/6801418d70e997869e55d29e","timestamp":"2025-04-17T19:17:58.444Z"},"timestamp":"2025-04-17T19:17:58.444Z"}
{"level":"info","message":{"ip":"::1","method":"DELETE","path":"/api/delete-card-products/68013d6451f652820dc3187c","timestamp":"2025-04-17T19:18:06.340Z"},"timestamp":"2025-04-17T19:18:06.340Z"}
{"level":"info","message":{"ip":"::1","method":"GET","path":"/api/get-card-products/6801418d70e997869e55d29e","timestamp":"2025-04-17T19:18:06.361Z"},"timestamp":"2025-04-17T19:18:06.361Z"}
{"level":"info","message":{"ip":"::1","method":"DELETE","path":"/api/delete-card-products/68013d6451f652820dc3187d","timestamp":"2025-04-17T19:18:08.137Z"},"timestamp":"2025-04-17T19:18:08.137Z"}
{"level":"info","message":{"ip":"::1","method":"GET","path":"/api/get-card-products/6801418d70e997869e55d29e","timestamp":"2025-04-17T19:18:08.153Z"},"timestamp":"2025-04-17T19:18:08.153Z"}
{"level":"info","message":{"ip":"::1","method":"DELETE","path":"/api/delete-card-products/68013d6451f652820dc3187e","timestamp":"2025-04-17T19:18:09.388Z"},"timestamp":"2025-04-17T19:18:09.388Z"}
{"level":"info","message":{"ip":"::1","method":"GET","path":"/api/get-card-products/6801418d70e997869e55d29e","timestamp":"2025-04-17T19:18:09.400Z"},"timestamp":"2025-04-17T19:18:09.400Z"}
{"level":"info","message":{"ip":"::1","method":"DELETE","path":"/api/delete-card-products/68013d6451f652820dc3187f","timestamp":"2025-04-17T19:18:10.540Z"},"timestamp":"2025-04-17T19:18:10.540Z"}
{"level":"info","message":{"ip":"::1","method":"GET","path":"/api/get-card-products/6801418d70e997869e55d29e","timestamp":"2025-04-17T19:18:10.554Z"},"timestamp":"2025-04-17T19:18:10.554Z"}
{"level":"info","message":{"ip":"::1","method":"GET","path":"/api/home/product-details/iphone-14-pro-max","timestamp":"2025-04-17T19:18:14.799Z"},"timestamp":"2025-04-17T19:18:14.799Z"}
{"level":"info","message":{"ip":"::1","method":"GET","path":"/api/get-card-products/6801418d70e997869e55d29e","timestamp":"2025-04-17T19:18:14.801Z"},"timestamp":"2025-04-17T19:18:14.801Z"}
{"level":"info","message":{"ip":"::1","method":"GET","path":"/api/get-wishlist/6801418d70e997869e55d29e","timestamp":"2025-04-17T19:18:14.802Z"},"timestamp":"2025-04-17T19:18:14.802Z"}
{"level":"info","message":{"ip":"::1","method":"GET","path":"/api/home/get-categorys","timestamp":"2025-04-17T19:18:14.804Z"},"timestamp":"2025-04-17T19:18:14.804Z"}
{"level":"info","message":{"ip":"::1","method":"GET","path":"/api/banners","timestamp":"2025-04-17T19:18:14.807Z"},"timestamp":"2025-04-17T19:18:14.807Z"}
{"level":"info","message":{"ip":"::1","method":"GET","path":"/api/home/product-details/iphone-14-pro-max","timestamp":"2025-04-17T19:18:35.203Z"},"timestamp":"2025-04-17T19:18:35.203Z"}
{"level":"info","message":{"ip":"::1","method":"GET","path":"/api/get-card-products/6801418d70e997869e55d29e","timestamp":"2025-04-17T19:19:25.812Z"},"timestamp":"2025-04-17T19:19:25.812Z"}
{"level":"info","message":{"ip":"::1","method":"GET","path":"/api/get-wishlist/6801418d70e997869e55d29e","timestamp":"2025-04-17T19:19:25.813Z"},"timestamp":"2025-04-17T19:19:25.813Z"}
{"level":"info","message":{"ip":"::1","method":"GET","path":"/api/home/get-products","timestamp":"2025-04-17T19:19:25.814Z"},"timestamp":"2025-04-17T19:19:25.814Z"}
{"level":"info","message":{"ip":"::1","method":"GET","path":"/api/home/get-categorys","timestamp":"2025-04-17T19:19:25.821Z"},"timestamp":"2025-04-17T19:19:25.821Z"}
{"level":"info","message":{"ip":"::1","method":"GET","path":"/api/banners","timestamp":"2025-04-17T19:19:25.825Z"},"timestamp":"2025-04-17T19:19:25.825Z"}
{"level":"info","message":{"ip":"::1","method":"GET","path":"/api/get-card-products/6801418d70e997869e55d29e","timestamp":"2025-04-17T19:19:30.936Z"},"timestamp":"2025-04-17T19:19:30.936Z"}
{"level":"info","message":{"ip":"::1","method":"GET","path":"/api/get-wishlist/6801418d70e997869e55d29e","timestamp":"2025-04-17T19:19:30.937Z"},"timestamp":"2025-04-17T19:19:30.937Z"}
{"level":"info","message":{"ip":"::1","method":"GET","path":"/api/home/get-categorys","timestamp":"2025-04-17T19:19:30.937Z"},"timestamp":"2025-04-17T19:19:30.937Z"}
{"level":"info","message":{"ip":"::1","method":"GET","path":"/api/banners","timestamp":"2025-04-17T19:19:30.938Z"},"timestamp":"2025-04-17T19:19:30.938Z"}
{"level":"info","message":{"ip":"::1","method":"GET","path":"/api/get-card-products/6801418d70e997869e55d29e","timestamp":"2025-04-17T19:19:30.940Z"},"timestamp":"2025-04-17T19:19:30.940Z"}
{"level":"info","message":{"ip":"::1","method":"GET","path":"/api/get-card-products/6801418d70e997869e55d29e","timestamp":"2025-04-17T19:19:36.501Z"},"timestamp":"2025-04-17T19:19:36.501Z"}
{"level":"info","message":{"ip":"::1","method":"GET","path":"/api/get-wishlist/6801418d70e997869e55d29e","timestamp":"2025-04-17T19:19:36.503Z"},"timestamp":"2025-04-17T19:19:36.503Z"}
{"level":"info","message":{"ip":"::1","method":"GET","path":"/api/home/get-categorys","timestamp":"2025-04-17T19:19:36.503Z"},"timestamp":"2025-04-17T19:19:36.503Z"}
{"level":"info","message":{"ip":"::1","method":"GET","path":"/api/banners","timestamp":"2025-04-17T19:19:36.504Z"},"timestamp":"2025-04-17T19:19:36.504Z"}
{"level":"info","message":{"ip":"::1","method":"GET","path":"/api/get-wishlist/6801418d70e997869e55d29e","timestamp":"2025-04-17T19:19:36.506Z"},"timestamp":"2025-04-17T19:19:36.506Z"}
{"level":"info","message":{"ip":"::1","method":"GET","path":"/api/get-card-products/6801418d70e997869e55d29e","timestamp":"2025-04-17T19:20:21.253Z"},"timestamp":"2025-04-17T19:20:21.253Z"}
{"level":"info","message":{"ip":"::1","method":"GET","path":"/api/get-wishlist/6801418d70e997869e55d29e","timestamp":"2025-04-17T19:20:21.254Z"},"timestamp":"2025-04-17T19:20:21.254Z"}
{"level":"info","message":{"ip":"::1","method":"GET","path":"/api/get-card-products/6801418d70e997869e55d29e","timestamp":"2025-04-17T19:20:21.256Z"},"timestamp":"2025-04-17T19:20:21.256Z"}
{"level":"info","message":{"ip":"::1","method":"PUT","path":"/api/quantity-dec/68013d6451f652820dc3187c","timestamp":"2025-04-17T19:20:23.266Z"},"timestamp":"2025-04-17T19:20:23.266Z"}
{"level":"info","message":{"ip":"::1","method":"DELETE","path":"/api/delete-card-products/68013d6451f652820dc3187c","timestamp":"2025-04-17T19:20:23.666Z"},"timestamp":"2025-04-17T19:20:23.666Z"}
{"level":"info","message":{"ip":"::1","method":"GET","path":"/api/get-card-products/6801418d70e997869e55d29e","timestamp":"2025-04-17T19:20:23.689Z"},"timestamp":"2025-04-17T19:20:23.689Z"}
{"level":"info","message":{"ip":"::1","method":"GET","path":"/api/get-card-products/6801418d70e997869e55d29e","timestamp":"2025-04-17T19:20:42.466Z"},"timestamp":"2025-04-17T19:20:42.466Z"}
{"level":"info","message":{"ip":"::1","method":"GET","path":"/api/get-wishlist/6801418d70e997869e55d29e","timestamp":"2025-04-17T19:20:42.467Z"},"timestamp":"2025-04-17T19:20:42.467Z"}
{"level":"info","message":{"ip":"::1","method":"GET","path":"/api/home/get-categorys","timestamp":"2025-04-17T19:20:42.469Z"},"timestamp":"2025-04-17T19:20:42.469Z"}
{"level":"info","message":{"ip":"::1","method":"GET","path":"/api/banners","timestamp":"2025-04-17T19:20:42.470Z"},"timestamp":"2025-04-17T19:20:42.470Z"}
{"level":"info","message":{"ip":"::1","method":"GET","path":"/api/get-wishlist/6801418d70e997869e55d29e","timestamp":"2025-04-17T19:20:42.477Z"},"timestamp":"2025-04-17T19:20:42.477Z"}
{"level":"info","message":{"ip":"::1","method":"GET","path":"/api/home/get-products","timestamp":"2025-04-17T19:20:42.478Z"},"timestamp":"2025-04-17T19:20:42.478Z"}
{"level":"info","message":{"ip":"::1","method":"GET","path":"/api/get-card-products/6801418d70e997869e55d29e","timestamp":"2025-04-17T19:20:42.480Z"},"timestamp":"2025-04-17T19:20:42.480Z"}
{"level":"info","message":{"ip":"::1","method":"POST","path":"/api/add-to-card","timestamp":"2025-04-17T19:20:45.802Z"},"timestamp":"2025-04-17T19:20:45.802Z"}
{"level":"info","message":{"ip":"::1","method":"GET","path":"/api/get-card-products/6801418d70e997869e55d29e","timestamp":"2025-04-17T19:20:47.516Z"},"timestamp":"2025-04-17T19:20:47.516Z"}
{"level":"info","message":{"ip":"::1","method":"GET","path":"/api/get-wishlist/6801418d70e997869e55d29e","timestamp":"2025-04-17T19:20:47.517Z"},"timestamp":"2025-04-17T19:20:47.517Z"}
{"level":"info","message":{"ip":"::1","method":"GET","path":"/api/home/product-details/smartphone","timestamp":"2025-04-17T19:20:47.518Z"},"timestamp":"2025-04-17T19:20:47.518Z"}
{"level":"info","message":{"ip":"::1","method":"GET","path":"/api/home/customer/get-reviews/68013d6451f652820dc3187c","timestamp":"2025-04-17T19:20:47.549Z"},"timestamp":"2025-04-17T19:20:47.549Z"}
{"level":"info","message":{"ip":"::1","method":"GET","path":"/api/get-card-products/6801418d70e997869e55d29e","timestamp":"2025-04-17T19:20:49.314Z"},"timestamp":"2025-04-17T19:20:49.314Z"}
{"level":"info","message":{"ip":"::1","method":"GET","path":"/api/get-wishlist/6801418d70e997869e55d29e","timestamp":"2025-04-17T19:20:49.316Z"},"timestamp":"2025-04-17T19:20:49.316Z"}
{"level":"info","message":{"ip":"::1","method":"GET","path":"/api/get-card-products/6801418d70e997869e55d29e","timestamp":"2025-04-17T19:20:49.319Z"},"timestamp":"2025-04-17T19:20:49.319Z"}
{"level":"info","message":{"ip":"::1","method":"DELETE","path":"/api/delete-card-products/68013d6451f652820dc3187d","timestamp":"2025-04-17T19:20:50.462Z"},"timestamp":"2025-04-17T19:20:50.462Z"}
{"level":"info","message":{"ip":"::1","method":"GET","path":"/api/get-card-products/6801418d70e997869e55d29e","timestamp":"2025-04-17T19:20:50.469Z"},"timestamp":"2025-04-17T19:20:50.469Z"}
{"level":"info","message":{"ip":"::1","method":"DELETE","path":"/api/delete-card-products/68013d6451f652820dc3187c","timestamp":"2025-04-17T19:20:52.301Z"},"timestamp":"2025-04-17T19:20:52.301Z"}
{"level":"info","message":{"ip":"::1","method":"GET","path":"/api/get-card-products/6801418d70e997869e55d29e","timestamp":"2025-04-17T19:20:52.322Z"},"timestamp":"2025-04-17T19:20:52.322Z"}
{"level":"info","message":{"ip":"::1","method":"DELETE","path":"/api/delete-card-products/68013d6451f652820dc3187e","timestamp":"2025-04-17T19:20:54.385Z"},"timestamp":"2025-04-17T19:20:54.385Z"}
{"level":"info","message":{"ip":"::1","method":"GET","path":"/api/get-card-products/6801418d70e997869e55d29e","timestamp":"2025-04-17T19:20:54.406Z"},"timestamp":"2025-04-17T19:20:54.406Z"}
{"level":"info","message":{"ip":"::1","method":"DELETE","path":"/api/delete-card-products/68013d6451f652820dc3187f","timestamp":"2025-04-17T19:20:55.112Z"},"timestamp":"2025-04-17T19:20:55.112Z"}
{"level":"info","message":{"ip":"::1","method":"GET","path":"/api/get-card-products/6801418d70e997869e55d29e","timestamp":"2025-04-17T19:20:55.122Z"},"timestamp":"2025-04-17T19:20:55.122Z"}
{"level":"info","message":{"ip":"::1","method":"GET","path":"/api/get-card-products/6801418d70e997869e55d29e","timestamp":"2025-04-17T19:20:56.562Z"},"timestamp":"2025-04-17T19:20:56.562Z"}
{"level":"info","message":{"ip":"::1","method":"GET","path":"/api/get-wishlist/6801418d70e997869e55d29e","timestamp":"2025-04-17T19:20:56.564Z"},"timestamp":"2025-04-17T19:20:56.564Z"}
{"level":"info","message":{"ip":"::1","method":"GET","path":"/api/get-card-products/6801418d70e997869e55d29e","timestamp":"2025-04-17T19:23:30.973Z"},"timestamp":"2025-04-17T19:23:30.973Z"}
{"level":"info","message":{"ip":"::1","method":"GET","path":"/api/get-wishlist/6801418d70e997869e55d29e","timestamp":"2025-04-17T19:23:30.986Z"},"timestamp":"2025-04-17T19:23:30.986Z"}
{"level":"info","message":{"ip":"::1","method":"GET","path":"/api/home/get-products","timestamp":"2025-04-17T19:23:30.991Z"},"timestamp":"2025-04-17T19:23:30.991Z"}
{"level":"info","message":{"ip":"::1","method":"GET","path":"/api/home/get-categorys","timestamp":"2025-04-17T19:23:30.995Z"},"timestamp":"2025-04-17T19:23:30.995Z"}
{"level":"info","message":{"ip":"::1","method":"GET","path":"/api/banners","timestamp":"2025-04-17T19:23:31.001Z"},"timestamp":"2025-04-17T19:23:31.001Z"}
{"level":"info","message":{"ip":"::1","method":"GET","path":"/api/get-card-products/6801418d70e997869e55d29e","timestamp":"2025-04-17T19:23:35.901Z"},"timestamp":"2025-04-17T19:23:35.901Z"}
{"level":"info","message":{"ip":"::1","method":"GET","path":"/api/get-wishlist/6801418d70e997869e55d29e","timestamp":"2025-04-17T19:23:35.903Z"},"timestamp":"2025-04-17T19:23:35.903Z"}
{"level":"info","message":{"ip":"::1","method":"GET","path":"/api/home/get-categorys","timestamp":"2025-04-17T19:23:35.906Z"},"timestamp":"2025-04-17T19:23:35.906Z"}
{"level":"info","message":{"ip":"::1","method":"GET","path":"/api/banners","timestamp":"2025-04-17T19:23:35.908Z"},"timestamp":"2025-04-17T19:23:35.908Z"}
{"level":"info","message":{"ip":"::1","method":"GET","path":"/api/get-card-products/6801418d70e997869e55d29e","timestamp":"2025-04-17T19:23:35.916Z"},"timestamp":"2025-04-17T19:23:35.916Z"}
{"level":"info","message":{"ip":"::1","method":"GET","path":"/api/get-card-products/6801418d70e997869e55d29e","timestamp":"2025-04-17T19:23:40.596Z"},"timestamp":"2025-04-17T19:23:40.596Z"}
{"level":"info","message":{"ip":"::1","method":"GET","path":"/api/get-wishlist/6801418d70e997869e55d29e","timestamp":"2025-04-17T19:23:40.597Z"},"timestamp":"2025-04-17T19:23:40.597Z"}
{"level":"info","message":{"ip":"::1","method":"GET","path":"/api/home/get-categorys","timestamp":"2025-04-17T19:23:40.598Z"},"timestamp":"2025-04-17T19:23:40.598Z"}
{"level":"info","message":{"ip":"::1","method":"GET","path":"/api/banners","timestamp":"2025-04-17T19:23:40.599Z"},"timestamp":"2025-04-17T19:23:40.599Z"}
{"level":"info","message":{"ip":"::1","method":"GET","path":"/api/get-wishlist/6801418d70e997869e55d29e","timestamp":"2025-04-17T19:23:40.602Z"},"timestamp":"2025-04-17T19:23:40.602Z"}
{"level":"info","message":{"ip":"::1","method":"GET","path":"/","timestamp":"2025-04-17T19:23:54.720Z"},"timestamp":"2025-04-17T19:23:54.720Z"}
{"level":"info","message":{"ip":"::1","method":"GET","path":"/favicon.ico","timestamp":"2025-04-17T19:23:54.770Z"},"timestamp":"2025-04-17T19:23:54.770Z"}
{"level":"info","message":{"ip":"::1","method":"GET","path":"/api/home/product-details/iphone-14-pro-max","timestamp":"2025-04-17T19:24:03.810Z"},"timestamp":"2025-04-17T19:24:03.811Z"}
{"level":"info","message":{"ip":"::1","method":"GET","path":"/api/get-card-products/6801418d70e997869e55d29e","timestamp":"2025-04-17T19:24:03.815Z"},"timestamp":"2025-04-17T19:24:03.815Z"}
{"level":"info","message":{"ip":"::1","method":"GET","path":"/api/get-wishlist/6801418d70e997869e55d29e","timestamp":"2025-04-17T19:24:03.818Z"},"timestamp":"2025-04-17T19:24:03.818Z"}
{"level":"info","message":{"ip":"::1","method":"GET","path":"/api/home/get-categorys","timestamp":"2025-04-17T19:24:03.834Z"},"timestamp":"2025-04-17T19:24:03.834Z"}
{"level":"info","message":{"ip":"::1","method":"GET","path":"/api/banners","timestamp":"2025-04-17T19:24:03.835Z"},"timestamp":"2025-04-17T19:24:03.835Z"}
{"level":"info","message":{"ip":"::1","method":"GET","path":"/api/home/product-details/iphone-14-pro-max","timestamp":"2025-04-17T19:25:06.631Z"},"timestamp":"2025-04-17T19:25:06.631Z"}
{"level":"info","message":{"ip":"::1","method":"GET","path":"/api/get-card-products/6801418d70e997869e55d29e","timestamp":"2025-04-17T19:25:06.635Z"},"timestamp":"2025-04-17T19:25:06.635Z"}
{"level":"info","message":{"ip":"::1","method":"GET","path":"/api/get-wishlist/6801418d70e997869e55d29e","timestamp":"2025-04-17T19:25:06.637Z"},"timestamp":"2025-04-17T19:25:06.637Z"}
{"level":"info","message":{"ip":"::1","method":"GET","path":"/api/home/get-categorys","timestamp":"2025-04-17T19:25:06.639Z"},"timestamp":"2025-04-17T19:25:06.639Z"}
{"level":"info","message":{"ip":"::1","method":"GET","path":"/api/banners","timestamp":"2025-04-17T19:25:06.641Z"},"timestamp":"2025-04-17T19:25:06.641Z"}
{"level":"info","message":{"ip":"::1","method":"GET","path":"/api/home/product-details/iphone-14-pro-max","timestamp":"2025-04-17T19:25:07.928Z"},"timestamp":"2025-04-17T19:25:07.928Z"}
{"level":"info","message":{"ip":"::1","method":"GET","path":"/api/get-card-products/6801418d70e997869e55d29e","timestamp":"2025-04-17T19:25:07.929Z"},"timestamp":"2025-04-17T19:25:07.929Z"}
{"level":"info","message":{"ip":"::1","method":"GET","path":"/api/get-wishlist/6801418d70e997869e55d29e","timestamp":"2025-04-17T19:25:07.930Z"},"timestamp":"2025-04-17T19:25:07.930Z"}
{"level":"info","message":{"ip":"::1","method":"GET","path":"/api/home/get-categorys","timestamp":"2025-04-17T19:25:07.931Z"},"timestamp":"2025-04-17T19:25:07.931Z"}
{"level":"info","message":{"ip":"::1","method":"GET","path":"/api/banners","timestamp":"2025-04-17T19:25:07.932Z"},"timestamp":"2025-04-17T19:25:07.932Z"}
{"level":"info","message":{"ip":"::1","method":"GET","path":"/api/home/product-details/iphone-14-pro-max","timestamp":"2025-04-17T19:27:08.529Z"},"timestamp":"2025-04-17T19:27:08.530Z"}
{"level":"info","message":{"ip":"::1","method":"GET","path":"/api/get-card-products/6801418d70e997869e55d29e","timestamp":"2025-04-17T19:27:08.537Z"},"timestamp":"2025-04-17T19:27:08.537Z"}
{"level":"info","message":{"ip":"::1","method":"GET","path":"/api/get-wishlist/6801418d70e997869e55d29e","timestamp":"2025-04-17T19:27:08.541Z"},"timestamp":"2025-04-17T19:27:08.541Z"}
{"level":"info","message":{"ip":"::1","method":"GET","path":"/api/home/get-categorys","timestamp":"2025-04-17T19:27:08.549Z"},"timestamp":"2025-04-17T19:27:08.549Z"}
{"level":"info","message":{"ip":"::1","method":"GET","path":"/api/banners","timestamp":"2025-04-17T19:27:08.550Z"},"timestamp":"2025-04-17T19:27:08.550Z"}
{"level":"info","message":{"ip":"::1","method":"GET","path":"/api/get-card-products/6801418d70e997869e55d29e","timestamp":"2025-04-17T19:27:19.425Z"},"timestamp":"2025-04-17T19:27:19.426Z"}
{"level":"info","message":{"ip":"::1","method":"GET","path":"/api/get-wishlist/6801418d70e997869e55d29e","timestamp":"2025-04-17T19:27:19.427Z"},"timestamp":"2025-04-17T19:27:19.427Z"}
{"level":"info","message":{"ip":"::1","method":"GET","path":"/api/home/get-products","timestamp":"2025-04-17T19:27:19.429Z"},"timestamp":"2025-04-17T19:27:19.429Z"}
{"level":"info","message":{"ip":"::1","method":"GET","path":"/api/home/get-categorys","timestamp":"2025-04-17T19:27:19.438Z"},"timestamp":"2025-04-17T19:27:19.438Z"}
{"level":"info","message":{"ip":"::1","method":"GET","path":"/api/banners","timestamp":"2025-04-17T19:27:19.447Z"},"timestamp":"2025-04-17T19:27:19.447Z"}
{"level":"info","message":{"ip":"::1","method":"GET","path":"/api/get-card-products/6801418d70e997869e55d29e","timestamp":"2025-04-17T19:27:24.803Z"},"timestamp":"2025-04-17T19:27:24.803Z"}
{"level":"info","message":{"ip":"::1","method":"GET","path":"/api/get-wishlist/6801418d70e997869e55d29e","timestamp":"2025-04-17T19:27:24.805Z"},"timestamp":"2025-04-17T19:27:24.805Z"}
{"level":"info","message":{"ip":"::1","method":"GET","path":"/api/home/get-categorys","timestamp":"2025-04-17T19:27:24.809Z"},"timestamp":"2025-04-17T19:27:24.809Z"}
{"level":"info","message":{"ip":"::1","method":"GET","path":"/api/banners","timestamp":"2025-04-17T19:27:24.810Z"},"timestamp":"2025-04-17T19:27:24.810Z"}
{"level":"info","message":{"ip":"::1","method":"GET","path":"/api/get-card-products/6801418d70e997869e55d29e","timestamp":"2025-04-17T19:27:24.814Z"},"timestamp":"2025-04-17T19:27:24.814Z"}
{"level":"info","message":{"ip":"::1","method":"GET","path":"/api/get-card-products/6801418d70e997869e55d29e","timestamp":"2025-04-17T19:27:30.753Z"},"timestamp":"2025-04-17T19:27:30.753Z"}
{"level":"info","message":{"ip":"::1","method":"GET","path":"/api/get-wishlist/6801418d70e997869e55d29e","timestamp":"2025-04-17T19:27:30.755Z"},"timestamp":"2025-04-17T19:27:30.755Z"}
{"level":"info","message":{"ip":"::1","method":"GET","path":"/api/home/get-categorys","timestamp":"2025-04-17T19:27:30.756Z"},"timestamp":"2025-04-17T19:27:30.756Z"}
{"level":"info","message":{"ip":"::1","method":"GET","path":"/api/banners","timestamp":"2025-04-17T19:27:30.758Z"},"timestamp":"2025-04-17T19:27:30.758Z"}
{"level":"info","message":{"ip":"::1","method":"GET","path":"/api/get-wishlist/6801418d70e997869e55d29e","timestamp":"2025-04-17T19:27:30.762Z"},"timestamp":"2025-04-17T19:27:30.762Z"}
{"level":"info","message":{"ip":"::1","method":"GET","path":"/api/home/product-details/iphone-14-pro-max","timestamp":"2025-04-17T19:27:55.488Z"},"timestamp":"2025-04-17T19:27:55.488Z"}
{"level":"info","message":{"ip":"::1","method":"GET","path":"/api/get-card-products/6801418d70e997869e55d29e","timestamp":"2025-04-17T19:27:55.490Z"},"timestamp":"2025-04-17T19:27:55.490Z"}
{"level":"info","message":{"ip":"::1","method":"GET","path":"/api/get-wishlist/6801418d70e997869e55d29e","timestamp":"2025-04-17T19:27:55.492Z"},"timestamp":"2025-04-17T19:27:55.492Z"}
{"level":"info","message":{"ip":"::1","method":"GET","path":"/api/home/get-categorys","timestamp":"2025-04-17T19:27:55.495Z"},"timestamp":"2025-04-17T19:27:55.495Z"}
{"level":"info","message":{"ip":"::1","method":"GET","path":"/api/banners","timestamp":"2025-04-17T19:27:55.504Z"},"timestamp":"2025-04-17T19:27:55.504Z"}
{"level":"info","message":{"ip":"::1","method":"GET","path":"/","timestamp":"2025-04-17T19:28:07.626Z"},"timestamp":"2025-04-17T19:28:07.626Z"}
{"level":"info","message":{"ip":"::1","method":"GET","path":"/api/get-card-products/6801418d70e997869e55d29e","timestamp":"2025-04-17T19:28:26.910Z"},"timestamp":"2025-04-17T19:28:26.910Z"}
{"level":"info","message":{"ip":"::1","method":"GET","path":"/api/get-wishlist/6801418d70e997869e55d29e","timestamp":"2025-04-17T19:28:26.912Z"},"timestamp":"2025-04-17T19:28:26.912Z"}
{"level":"info","message":{"ip":"::1","method":"GET","path":"/api/home/get-products","timestamp":"2025-04-17T19:28:26.914Z"},"timestamp":"2025-04-17T19:28:26.914Z"}
{"level":"info","message":{"ip":"::1","method":"GET","path":"/api/get-card-products/6801418d70e997869e55d29e","timestamp":"2025-04-17T19:29:49.147Z"},"timestamp":"2025-04-17T19:29:49.147Z"}
{"level":"info","message":{"ip":"::1","method":"GET","path":"/api/get-wishlist/6801418d70e997869e55d29e","timestamp":"2025-04-17T19:29:49.148Z"},"timestamp":"2025-04-17T19:29:49.148Z"}
{"level":"info","message":{"ip":"::1","method":"GET","path":"/api/home/get-products","timestamp":"2025-04-17T19:29:49.159Z"},"timestamp":"2025-04-17T19:29:49.160Z"}
{"level":"info","message":{"ip":"::1","method":"GET","path":"/api/home/get-categorys","timestamp":"2025-04-17T19:29:49.163Z"},"timestamp":"2025-04-17T19:29:49.163Z"}
{"level":"info","message":{"ip":"::1","method":"GET","path":"/api/banners","timestamp":"2025-04-17T19:29:49.166Z"},"timestamp":"2025-04-17T19:29:49.166Z"}
{"level":"info","message":{"ip":"::1","method":"GET","path":"/api/get-card-products/6801418d70e997869e55d29e","timestamp":"2025-04-17T19:30:02.455Z"},"timestamp":"2025-04-17T19:30:02.455Z"}
{"level":"info","message":{"ip":"::1","method":"GET","path":"/api/get-wishlist/6801418d70e997869e55d29e","timestamp":"2025-04-17T19:30:02.475Z"},"timestamp":"2025-04-17T19:30:02.475Z"}
{"level":"info","message":{"ip":"::1","method":"GET","path":"/api/home/get-products","timestamp":"2025-04-17T19:30:02.499Z"},"timestamp":"2025-04-17T19:30:02.499Z"}
{"level":"info","message":{"ip":"::1","method":"GET","path":"/api/home/get-categorys","timestamp":"2025-04-17T19:30:02.504Z"},"timestamp":"2025-04-17T19:30:02.504Z"}
{"level":"info","message":{"ip":"::1","method":"GET","path":"/api/banners","timestamp":"2025-04-17T19:30:02.507Z"},"timestamp":"2025-04-17T19:30:02.507Z"}
{"level":"info","message":{"ip":"::1","method":"GET","path":"/api/home/get-products","timestamp":"2025-04-17T19:31:35.297Z"},"timestamp":"2025-04-17T19:31:35.297Z"}
{"level":"info","message":{"ip":"::1","method":"GET","path":"/api/home/get-categorys","timestamp":"2025-04-17T19:31:35.300Z"},"timestamp":"2025-04-17T19:31:35.300Z"}
{"level":"info","message":{"ip":"::1","method":"GET","path":"/api/banners","timestamp":"2025-04-17T19:31:35.305Z"},"timestamp":"2025-04-17T19:31:35.305Z"}
{"level":"info","message":{"ip":"::1","method":"GET","path":"/api/get-card-products/6801418d70e997869e55d29e","timestamp":"2025-04-17T19:31:43.244Z"},"timestamp":"2025-04-17T19:31:43.244Z"}
{"level":"info","message":{"ip":"::1","method":"GET","path":"/api/get-wishlist/6801418d70e997869e55d29e","timestamp":"2025-04-17T19:31:43.250Z"},"timestamp":"2025-04-17T19:31:43.250Z"}
{"level":"info","message":{"ip":"::1","method":"GET","path":"/api/home/get-products","timestamp":"2025-04-17T19:31:43.254Z"},"timestamp":"2025-04-17T19:31:43.254Z"}
{"level":"info","message":{"ip":"::1","method":"GET","path":"/api/home/get-categorys","timestamp":"2025-04-17T19:31:43.257Z"},"timestamp":"2025-04-17T19:31:43.257Z"}
{"level":"info","message":{"ip":"::1","method":"GET","path":"/api/banners","timestamp":"2025-04-17T19:31:43.261Z"},"timestamp":"2025-04-17T19:31:43.262Z"}
{"level":"info","message":{"ip":"::1","method":"GET","path":"/api/home/coustomer/get-dashboard-data/6801418d70e997869e55d29e","timestamp":"2025-04-17T19:31:50.241Z"},"timestamp":"2025-04-17T19:31:50.241Z"}
{"level":"info","message":{"ip":"::1","method":"GET","path":"/api/get-card-products/6801418d70e997869e55d29e","timestamp":"2025-04-17T19:31:50.244Z"},"timestamp":"2025-04-17T19:31:50.244Z"}
{"level":"info","message":{"ip":"::1","method":"GET","path":"/api/get-wishlist/6801418d70e997869e55d29e","timestamp":"2025-04-17T19:31:50.246Z"},"timestamp":"2025-04-17T19:31:50.246Z"}
{"level":"info","message":{"ip":"::1","method":"GET","path":"/api/logout","timestamp":"2025-04-17T19:31:52.265Z"},"timestamp":"2025-04-17T19:31:52.265Z"}
{"level":"info","message":{"ip":"::1","method":"POST","path":"/api/customer/login","timestamp":"2025-04-17T19:31:53.647Z"},"timestamp":"2025-04-17T19:31:53.647Z"}
{"level":"info","message":{"ip":"::1","method":"POST","path":"/api/customer/login","timestamp":"2025-04-17T19:31:56.734Z"},"timestamp":"2025-04-17T19:31:56.734Z"}
{"level":"info","message":{"ip":"::1","method":"GET","path":"/api/home/get-products","timestamp":"2025-04-17T19:31:57.514Z"},"timestamp":"2025-04-17T19:31:57.514Z"}
{"level":"info","message":{"ip":"::1","method":"GET","path":"/api/home/get-categorys","timestamp":"2025-04-17T19:31:57.515Z"},"timestamp":"2025-04-17T19:31:57.515Z"}
{"level":"info","message":{"ip":"::1","method":"GET","path":"/api/banners","timestamp":"2025-04-17T19:31:57.516Z"},"timestamp":"2025-04-17T19:31:57.516Z"}
{"level":"info","message":{"ip":"::1","method":"POST","path":"/api/customer/login","timestamp":"2025-04-17T19:32:01.113Z"},"timestamp":"2025-04-17T19:32:01.113Z"}
{"level":"info","message":{"ip":"::1","method":"GET","path":"/api/home/product-details/iphone-14-pro-max","timestamp":"2025-04-17T19:32:02.721Z"},"timestamp":"2025-04-17T19:32:02.721Z"}
{"level":"info","message":{"ip":"::1","method":"GET","path":"/api/banners","timestamp":"2025-04-17T19:32:02.727Z"},"timestamp":"2025-04-17T19:32:02.727Z"}
{"level":"info","message":{"ip":"::1","method":"GET","path":"/api/home/get-categorys","timestamp":"2025-04-17T19:32:02.730Z"},"timestamp":"2025-04-17T19:32:02.730Z"}
{"level":"info","message":{"ip":"::1","method":"GET","path":"/api/banners","timestamp":"2025-04-17T19:32:07.647Z"},"timestamp":"2025-04-17T19:32:07.647Z"}
{"level":"info","message":{"ip":"::1","method":"GET","path":"/api/home/get-categorys","timestamp":"2025-04-17T19:32:07.648Z"},"timestamp":"2025-04-17T19:32:07.648Z"}
{"level":"info","message":{"ip":"::1","method":"GET","path":"/api/banners","timestamp":"2025-04-17T19:32:13.316Z"},"timestamp":"2025-04-17T19:32:13.316Z"}
{"level":"info","message":{"ip":"::1","method":"GET","path":"/api/home/get-categorys","timestamp":"2025-04-17T19:32:13.317Z"},"timestamp":"2025-04-17T19:32:13.317Z"}
{"level":"info","message":{"ip":"::1","method":"GET","path":"/","timestamp":"2025-04-17T19:32:47.859Z"},"timestamp":"2025-04-17T19:32:47.859Z"}
{"level":"info","message":{"ip":"::1","method":"GET","path":"/","timestamp":"2025-04-17T19:32:48.852Z"},"timestamp":"2025-04-17T19:32:48.852Z"}
{"level":"info","message":{"ip":"::1","method":"GET","path":"/api/banners","timestamp":"2025-04-17T19:33:00.371Z"},"timestamp":"2025-04-17T19:33:00.371Z"}
{"level":"info","message":{"ip":"::1","method":"GET","path":"/api/home/get-categorys","timestamp":"2025-04-17T19:33:00.372Z"},"timestamp":"2025-04-17T19:33:00.372Z"}
{"level":"info","message":{"ip":"::1","method":"POST","path":"/api/customer/login","timestamp":"2025-04-17T19:33:02.152Z"},"timestamp":"2025-04-17T19:33:02.152Z"}
{"level":"info","message":{"ip":"::1","method":"GET","path":"/api/home/get-categorys","timestamp":"2025-04-17T19:36:12.706Z"},"timestamp":"2025-04-17T19:36:12.706Z"}
{"level":"info","message":{"ip":"::1","method":"GET","path":"/api/banners","timestamp":"2025-04-17T19:36:12.717Z"},"timestamp":"2025-04-17T19:36:12.717Z"}
{"level":"info","message":{"ip":"::1","method":"GET","path":"/api/home/get-categorys","timestamp":"2025-04-17T19:36:17.680Z"},"timestamp":"2025-04-17T19:36:17.680Z"}
{"level":"info","message":{"ip":"::1","method":"GET","path":"/api/banners","timestamp":"2025-04-17T19:36:17.683Z"},"timestamp":"2025-04-17T19:36:17.683Z"}
{"level":"info","message":{"ip":"::1","method":"GET","path":"/api/home/get-categorys","timestamp":"2025-04-17T19:36:49.628Z"},"timestamp":"2025-04-17T19:36:49.628Z"}
{"level":"info","message":{"ip":"::1","method":"GET","path":"/api/banners","timestamp":"2025-04-17T19:36:49.632Z"},"timestamp":"2025-04-17T19:36:49.632Z"}
{"level":"info","message":{"ip":"::1","method":"POST","path":"/api/customer/login","timestamp":"2025-04-17T19:36:55.865Z"},"timestamp":"2025-04-17T19:36:55.865Z"}
{"level":"info","message":{"ip":"::1","method":"GET","path":"/api/get-card-products/6801418d70e997869e55d29e","timestamp":"2025-04-17T19:36:55.949Z"},"timestamp":"2025-04-17T19:36:55.949Z"}
{"level":"info","message":{"ip":"::1","method":"GET","path":"/api/get-wishlist/6801418d70e997869e55d29e","timestamp":"2025-04-17T19:36:55.953Z"},"timestamp":"2025-04-17T19:36:55.953Z"}
{"level":"info","message":{"ip":"::1","method":"GET","path":"/api/get-card-products/6801418d70e997869e55d29e","timestamp":"2025-04-17T19:36:55.984Z"},"timestamp":"2025-04-17T19:36:55.984Z"}
{"level":"info","message":{"ip":"::1","method":"GET","path":"/api/get-wishlist/6801418d70e997869e55d29e","timestamp":"2025-04-17T19:36:55.985Z"},"timestamp":"2025-04-17T19:36:55.985Z"}
{"level":"info","message":{"ip":"::1","method":"GET","path":"/api/home/get-products","timestamp":"2025-04-17T19:36:55.989Z"},"timestamp":"2025-04-17T19:36:55.989Z"}
{"level":"info","message":{"ip":"::1","method":"GET","path":"/api/get-card-products/6801418d70e997869e55d29e","timestamp":"2025-04-17T19:37:01.975Z"},"timestamp":"2025-04-17T19:37:01.975Z"}
{"level":"info","message":{"ip":"::1","method":"GET","path":"/api/get-wishlist/6801418d70e997869e55d29e","timestamp":"2025-04-17T19:37:01.977Z"},"timestamp":"2025-04-17T19:37:01.977Z"}
{"level":"info","message":{"ip":"::1","method":"GET","path":"/api/get-card-products/6801418d70e997869e55d29e","timestamp":"2025-04-17T19:37:01.980Z"},"timestamp":"2025-04-17T19:37:01.980Z"}
{"level":"info","message":{"ip":"::1","method":"DELETE","path":"/api/delete-card-products/68013d6451f652820dc3187c","timestamp":"2025-04-17T19:37:03.030Z"},"timestamp":"2025-04-17T19:37:03.030Z"}
{"level":"info","message":{"ip":"::1","method":"GET","path":"/api/get-card-products/6801418d70e997869e55d29e","timestamp":"2025-04-17T19:37:03.064Z"},"timestamp":"2025-04-17T19:37:03.064Z"}
{"level":"info","message":{"ip":"::1","method":"DELETE","path":"/api/delete-card-products/68013d6451f652820dc3187d","timestamp":"2025-04-17T19:37:04.413Z"},"timestamp":"2025-04-17T19:37:04.413Z"}
{"level":"info","message":{"ip":"::1","method":"GET","path":"/api/get-card-products/6801418d70e997869e55d29e","timestamp":"2025-04-17T19:37:04.434Z"},"timestamp":"2025-04-17T19:37:04.434Z"}
{"level":"info","message":{"ip":"::1","method":"DELETE","path":"/api/delete-card-products/68013d6451f652820dc3187e","timestamp":"2025-04-17T19:37:05.593Z"},"timestamp":"2025-04-17T19:37:05.593Z"}
{"level":"info","message":{"ip":"::1","method":"GET","path":"/api/get-card-products/6801418d70e997869e55d29e","timestamp":"2025-04-17T19:37:05.603Z"},"timestamp":"2025-04-17T19:37:05.603Z"}
{"level":"info","message":{"ip":"::1","method":"DELETE","path":"/api/delete-card-products/68013d6451f652820dc3187f","timestamp":"2025-04-17T19:37:06.962Z"},"timestamp":"2025-04-17T19:37:06.962Z"}
{"level":"info","message":{"ip":"::1","method":"GET","path":"/api/get-card-products/6801418d70e997869e55d29e","timestamp":"2025-04-17T19:37:06.979Z"},"timestamp":"2025-04-17T19:37:06.979Z"}
{"level":"info","message":{"ip":"::1","method":"GET","path":"/api/get-card-products/6801418d70e997869e55d29e","timestamp":"2025-04-17T19:37:09.392Z"},"timestamp":"2025-04-17T19:37:09.392Z"}
{"level":"info","message":{"ip":"::1","method":"GET","path":"/api/get-wishlist/6801418d70e997869e55d29e","timestamp":"2025-04-17T19:37:09.394Z"},"timestamp":"2025-04-17T19:37:09.394Z"}
{"level":"info","message":{"ip":"::1","method":"GET","path":"/api/home/get-categorys","timestamp":"2025-04-17T19:37:09.395Z"},"timestamp":"2025-04-17T19:37:09.395Z"}
{"level":"info","message":{"ip":"::1","method":"GET","path":"/api/get-card-products/6801418d70e997869e55d29e","timestamp":"2025-04-17T19:37:09.396Z"},"timestamp":"2025-04-17T19:37:09.396Z"}
{"level":"info","message":{"ip":"::1","method":"GET","path":"/api/banners","timestamp":"2025-04-17T19:37:09.396Z"},"timestamp":"2025-04-17T19:37:09.396Z"}
{"level":"info","message":{"ip":"::1","method":"PUT","path":"/api/quantity-dec/68013d6451f652820dc3187c","timestamp":"2025-04-17T19:37:11.428Z"},"timestamp":"2025-04-17T19:37:11.429Z"}
{"level":"info","message":{"ip":"::1","method":"PUT","path":"/api/quantity-dec/68013d6451f652820dc3187c","timestamp":"2025-04-17T19:37:11.843Z"},"timestamp":"2025-04-17T19:37:11.843Z"}
{"level":"info","message":{"ip":"::1","method":"DELETE","path":"/api/delete-card-products/68013d6451f652820dc3187c","timestamp":"2025-04-17T19:37:12.641Z"},"timestamp":"2025-04-17T19:37:12.641Z"}
{"level":"info","message":{"ip":"::1","method":"GET","path":"/api/get-card-products/6801418d70e997869e55d29e","timestamp":"2025-04-17T19:37:12.652Z"},"timestamp":"2025-04-17T19:37:12.652Z"}
{"level":"info","message":{"ip":"::1","method":"DELETE","path":"/api/delete-card-products/68013d6451f652820dc3187d","timestamp":"2025-04-17T19:37:13.793Z"},"timestamp":"2025-04-17T19:37:13.793Z"}
{"level":"info","message":{"ip":"::1","method":"GET","path":"/api/get-card-products/6801418d70e997869e55d29e","timestamp":"2025-04-17T19:37:13.815Z"},"timestamp":"2025-04-17T19:37:13.815Z"}
{"level":"info","message":{"ip":"::1","method":"DELETE","path":"/api/delete-card-products/68013d6451f652820dc3187e","timestamp":"2025-04-17T19:37:15.442Z"},"timestamp":"2025-04-17T19:37:15.442Z"}
{"level":"info","message":{"ip":"::1","method":"GET","path":"/api/get-card-products/6801418d70e997869e55d29e","timestamp":"2025-04-17T19:37:15.463Z"},"timestamp":"2025-04-17T19:37:15.463Z"}
{"level":"info","message":{"ip":"::1","method":"DELETE","path":"/api/delete-card-products/68013d6451f652820dc3187f","timestamp":"2025-04-17T19:37:16.393Z"},"timestamp":"2025-04-17T19:37:16.393Z"}
{"level":"info","message":{"ip":"::1","method":"GET","path":"/api/get-card-products/6801418d70e997869e55d29e","timestamp":"2025-04-17T19:37:16.413Z"},"timestamp":"2025-04-17T19:37:16.413Z"}
{"level":"info","message":{"ip":"::1","method":"GET","path":"/api/get-card-products/6801418d70e997869e55d29e","timestamp":"2025-04-17T19:37:24.093Z"},"timestamp":"2025-04-17T19:37:24.093Z"}
{"level":"info","message":{"ip":"::1","method":"GET","path":"/api/get-wishlist/6801418d70e997869e55d29e","timestamp":"2025-04-17T19:37:24.094Z"},"timestamp":"2025-04-17T19:37:24.094Z"}
{"level":"info","message":{"ip":"::1","method":"GET","path":"/api/home/get-categorys","timestamp":"2025-04-17T19:37:24.097Z"},"timestamp":"2025-04-17T19:37:24.097Z"}
{"level":"info","message":{"ip":"::1","method":"GET","path":"/api/get-card-products/6801418d70e997869e55d29e","timestamp":"2025-04-17T19:37:24.099Z"},"timestamp":"2025-04-17T19:37:24.099Z"}
{"level":"info","message":{"ip":"::1","method":"GET","path":"/api/banners","timestamp":"2025-04-17T19:37:24.100Z"},"timestamp":"2025-04-17T19:37:24.100Z"}
{"level":"info","message":{"ip":"::1","method":"GET","path":"/api/get-card-products/6801418d70e997869e55d29e","timestamp":"2025-04-17T19:37:26.494Z"},"timestamp":"2025-04-17T19:37:26.494Z"}
{"level":"info","message":{"ip":"::1","method":"GET","path":"/api/get-wishlist/6801418d70e997869e55d29e","timestamp":"2025-04-17T19:37:26.495Z"},"timestamp":"2025-04-17T19:37:26.495Z"}
{"level":"info","message":{"ip":"::1","method":"GET","path":"/api/home/get-products","timestamp":"2025-04-17T19:37:26.496Z"},"timestamp":"2025-04-17T19:37:26.496Z"}
{"level":"info","message":{"ip":"::1","method":"POST","path":"/api/add-wishlist","timestamp":"2025-04-17T19:37:28.496Z"},"timestamp":"2025-04-17T19:37:28.496Z"}
{"level":"info","message":{"ip":"::1","method":"GET","path":"/api/get-card-products/6801418d70e997869e55d29e","timestamp":"2025-04-17T19:37:30.090Z"},"timestamp":"2025-04-17T19:37:30.090Z"}
{"level":"info","message":{"ip":"::1","method":"GET","path":"/api/get-wishlist/6801418d70e997869e55d29e","timestamp":"2025-04-17T19:37:30.092Z"},"timestamp":"2025-04-17T19:37:30.092Z"}
{"level":"info","message":{"ip":"::1","method":"GET","path":"/api/get-wishlist/6801418d70e997869e55d29e","timestamp":"2025-04-17T19:37:30.098Z"},"timestamp":"2025-04-17T19:37:30.098Z"}
{"level":"info","message":{"ip":"::1","method":"DELETE","path":"/api/remove-wishlist/68015878cad520d644fb37b1","timestamp":"2025-04-17T19:37:33.212Z"},"timestamp":"2025-04-17T19:37:33.212Z"}
{"level":"info","message":{"ip":"::1","method":"GET","path":"/api/get-card-products/6801418d70e997869e55d29e","timestamp":"2025-04-17T19:37:34.251Z"},"timestamp":"2025-04-17T19:37:34.251Z"}
{"level":"info","message":{"ip":"::1","method":"GET","path":"/api/get-wishlist/6801418d70e997869e55d29e","timestamp":"2025-04-17T19:37:34.252Z"},"timestamp":"2025-04-17T19:37:34.252Z"}
{"level":"info","message":{"ip":"::1","method":"GET","path":"/api/home/get-products","timestamp":"2025-04-17T19:37:34.256Z"},"timestamp":"2025-04-17T19:37:34.256Z"}
{"level":"info","message":{"ip":"::1","method":"GET","path":"/api/home/coustomer/get-dashboard-data/6801418d70e997869e55d29e","timestamp":"2025-04-17T19:37:37.749Z"},"timestamp":"2025-04-17T19:37:37.749Z"}
{"level":"info","message":{"ip":"::1","method":"GET","path":"/api/get-card-products/6801418d70e997869e55d29e","timestamp":"2025-04-17T19:37:37.751Z"},"timestamp":"2025-04-17T19:37:37.751Z"}
{"level":"info","message":{"ip":"::1","method":"GET","path":"/api/get-wishlist/6801418d70e997869e55d29e","timestamp":"2025-04-17T19:37:37.752Z"},"timestamp":"2025-04-17T19:37:37.752Z"}
{"level":"info","message":{"ip":"::1","method":"GET","path":"/api/logout","timestamp":"2025-04-17T19:37:39.360Z"},"timestamp":"2025-04-17T19:37:39.360Z"}
{"level":"info","message":{"ip":"::1","method":"GET","path":"/api/home/get-categorys","timestamp":"2025-04-17T19:38:17.203Z"},"timestamp":"2025-04-17T19:38:17.203Z"}
{"level":"info","message":{"ip":"::1","method":"GET","path":"/api/banners","timestamp":"2025-04-17T19:38:17.210Z"},"timestamp":"2025-04-17T19:38:17.210Z"}
{"level":"info","message":{"ip":"::1","method":"GET","path":"/api/home/price-range-latest-product","timestamp":"2025-04-17T19:38:21.965Z"},"timestamp":"2025-04-17T19:38:21.965Z"}
{"level":"info","message":{"ip":"::1","method":"GET","path":"/api/home/query-products","timestamp":"2025-04-17T19:38:21.969Z"},"timestamp":"2025-04-17T19:38:21.969Z"}
{"level":"info","message":{"ip":"::1","method":"GET","path":"/api/home/query-products","timestamp":"2025-04-17T19:38:22.001Z"},"timestamp":"2025-04-17T19:38:22.001Z"}
{"level":"info","message":{"ip":"::1","method":"GET","path":"/api/home/query-products","timestamp":"2025-04-17T19:38:26.705Z"},"timestamp":"2025-04-17T19:38:26.705Z"}
{"level":"info","message":{"ip":"::1","method":"GET","path":"/api/home/query-products","timestamp":"2025-04-17T19:38:29.843Z"},"timestamp":"2025-04-17T19:38:29.843Z"}
{"level":"info","message":{"ip":"::1","method":"GET","path":"/api/home/get-products","timestamp":"2025-04-17T19:38:32.811Z"},"timestamp":"2025-04-17T19:38:32.811Z"}
{"level":"info","message":{"ip":"::1","method":"GET","path":"/api/home/get-products","timestamp":"2025-04-17T19:59:01.881Z"},"timestamp":"2025-04-17T19:59:01.881Z"}
{"level":"info","message":{"ip":"::1","method":"GET","path":"/api/home/get-categorys","timestamp":"2025-04-17T19:59:01.887Z"},"timestamp":"2025-04-17T19:59:01.887Z"}
{"level":"info","message":{"ip":"::1","method":"GET","path":"/api/banners","timestamp":"2025-04-17T19:59:01.888Z"},"timestamp":"2025-04-17T19:59:01.888Z"}
{"level":"info","message":{"ip":"::1","method":"POST","path":"/api/customer/login","timestamp":"2025-04-17T20:02:24.024Z"},"timestamp":"2025-04-17T20:02:24.024Z"}
{"level":"info","message":{"ip":"::1","method":"GET","path":"/api/get-card-products/6801418d70e997869e55d29e","timestamp":"2025-04-17T20:02:24.118Z"},"timestamp":"2025-04-17T20:02:24.118Z"}
{"level":"info","message":{"ip":"::1","method":"GET","path":"/api/get-wishlist/6801418d70e997869e55d29e","timestamp":"2025-04-17T20:02:24.123Z"},"timestamp":"2025-04-17T20:02:24.123Z"}
{"level":"info","message":{"ip":"::1","method":"GET","path":"/api/get-card-products/6801418d70e997869e55d29e","timestamp":"2025-04-17T20:02:24.146Z"},"timestamp":"2025-04-17T20:02:24.146Z"}
{"level":"info","message":{"ip":"::1","method":"GET","path":"/api/get-wishlist/6801418d70e997869e55d29e","timestamp":"2025-04-17T20:02:24.158Z"},"timestamp":"2025-04-17T20:02:24.158Z"}
{"level":"info","message":{"ip":"::1","method":"GET","path":"/api/home/get-products","timestamp":"2025-04-17T20:02:24.163Z"},"timestamp":"2025-04-17T20:02:24.163Z"}
{"level":"info","message":{"ip":"::1","method":"GET","path":"/api/get-card-products/6801418d70e997869e55d29e","timestamp":"2025-04-17T20:02:28.028Z"},"timestamp":"2025-04-17T20:02:28.028Z"}
{"level":"info","message":{"ip":"::1","method":"GET","path":"/api/get-wishlist/6801418d70e997869e55d29e","timestamp":"2025-04-17T20:02:28.030Z"},"timestamp":"2025-04-17T20:02:28.030Z"}
{"level":"info","message":{"ip":"::1","method":"GET","path":"/api/get-card-products/6801418d70e997869e55d29e","timestamp":"2025-04-17T20:02:28.034Z"},"timestamp":"2025-04-17T20:02:28.034Z"}
{"level":"info","message":{"ip":"::1","method":"DELETE","path":"/api/delete-card-products/68013d6451f652820dc3187c","timestamp":"2025-04-17T20:02:28.812Z"},"timestamp":"2025-04-17T20:02:28.812Z"}
{"level":"info","message":{"ip":"::1","method":"GET","path":"/api/get-card-products/6801418d70e997869e55d29e","timestamp":"2025-04-17T20:02:28.840Z"},"timestamp":"2025-04-17T20:02:28.840Z"}
{"level":"info","message":{"ip":"::1","method":"DELETE","path":"/api/delete-card-products/68013d6451f652820dc3187d","timestamp":"2025-04-17T20:02:30.612Z"},"timestamp":"2025-04-17T20:02:30.612Z"}
{"level":"info","message":{"ip":"::1","method":"GET","path":"/api/get-card-products/6801418d70e997869e55d29e","timestamp":"2025-04-17T20:02:30.632Z"},"timestamp":"2025-04-17T20:02:30.632Z"}
{"level":"info","message":{"ip":"::1","method":"DELETE","path":"/api/delete-card-products/68013d6451f652820dc3187e","timestamp":"2025-04-17T20:02:31.278Z"},"timestamp":"2025-04-17T20:02:31.278Z"}
{"level":"info","message":{"ip":"::1","method":"GET","path":"/api/get-card-products/6801418d70e997869e55d29e","timestamp":"2025-04-17T20:02:31.298Z"},"timestamp":"2025-04-17T20:02:31.298Z"}
{"level":"info","message":{"ip":"::1","method":"DELETE","path":"/api/delete-card-products/68013d6451f652820dc3187f","timestamp":"2025-04-17T20:02:32.842Z"},"timestamp":"2025-04-17T20:02:32.842Z"}
{"level":"info","message":{"ip":"::1","method":"GET","path":"/api/get-card-products/6801418d70e997869e55d29e","timestamp":"2025-04-17T20:02:32.855Z"},"timestamp":"2025-04-17T20:02:32.855Z"}
{"level":"info","message":{"ip":"::1","method":"PUT","path":"/api/quantity-dec/68013d6451f652820dc3187f","timestamp":"2025-04-17T20:03:38.579Z"},"timestamp":"2025-04-17T20:03:38.579Z"}
{"level":"info","message":{"ip":"::1","method":"DELETE","path":"/api/delete-card-products/68013d6451f652820dc3187f","timestamp":"2025-04-17T20:03:39.011Z"},"timestamp":"2025-04-17T20:03:39.011Z"}
{"level":"info","message":{"ip":"::1","method":"GET","path":"/api/get-card-products/6801418d70e997869e55d29e","timestamp":"2025-04-17T20:03:39.032Z"},"timestamp":"2025-04-17T20:03:39.032Z"}
